<?xml version="1.0" encoding="UTF-8"?>
<!-- Generated by org.testng.reporters.JUnitReportReporter -->
<testsuite hostname="LAPTOP-EPB0EV60" failures="0" tests="58" name="testRunner.RunnerAdviser" time="2.710" errors="0" timestamp="2024-02-06T13:13:17 MYT" skipped="0">
  <testcase classname="testRunner.RunnerAdviser" name="runScenario" time="0.020"/>
  <system-out/>
  <testcase classname="testRunner.RunnerAdviser" name="runScenario" time="0.019"/>
  <system-out/>
  <testcase classname="testRunner.RunnerAdviser" name="runScenario" time="0.028"/>
  <system-out/>
  <testcase classname="testRunner.RunnerAdviser" name="runScenario" time="0.939"/>
  <system-out/>
  <testcase classname="testRunner.RunnerAdviser" name="runScenario" time="0.022"/>
  <system-out/>
  <testcase classname="testRunner.RunnerAdviser" name="runScenario" time="0.019"/>
  <system-out/>
  <testcase classname="testRunner.RunnerAdviser" name="runScenario" time="0.027"/>
  <system-out/>
  <testcase classname="testRunner.RunnerAdviser" name="runScenario" time="0.021"/>
  <system-out/>
  <testcase classname="testRunner.RunnerAdviser" name="runScenario" time="0.055"/>
  <system-out/>
  <testcase classname="testRunner.RunnerAdviser" name="runScenario" time="0.021"/>
  <system-out/>
  <testcase classname="testRunner.RunnerAdviser" name="runScenario" time="0.021"/>
  <system-out/>
  <testcase classname="testRunner.RunnerAdviser" name="runScenario" time="0.025"/>
  <system-out/>
  <testcase classname="testRunner.RunnerAdviser" name="runScenario" time="0.023"/>
  <system-out/>
  <testcase classname="testRunner.RunnerAdviser" name="runScenario" time="0.024"/>
  <system-out/>
  <testcase classname="testRunner.RunnerAdviser" name="runScenario" time="0.029"/>
  <system-out/>
  <testcase classname="testRunner.RunnerAdviser" name="runScenario" time="0.029"/>
  <system-out/>
  <testcase classname="testRunner.RunnerAdviser" name="runScenario" time="0.045"/>
  <system-out/>
  <testcase classname="testRunner.RunnerAdviser" name="runScenario" time="0.021"/>
  <system-out/>
  <testcase classname="testRunner.RunnerAdviser" name="runScenario" time="0.023"/>
  <system-out/>
  <testcase classname="testRunner.RunnerAdviser" name="runScenario" time="0.026"/>
  <system-out/>
  <testcase classname="testRunner.RunnerAdviser" name="runScenario" time="0.026"/>
  <system-out/>
  <testcase classname="testRunner.RunnerAdviser" name="runScenario" time="0.030"/>
  <system-out/>
  <testcase classname="testRunner.RunnerAdviser" name="runScenario" time="0.047"/>
  <system-out/>
  <testcase classname="testRunner.RunnerAdviser" name="runScenario" time="0.021"/>
  <system-out/>
  <testcase classname="testRunner.RunnerAdviser" name="runScenario" time="0.020"/>
  <system-out/>
  <testcase classname="testRunner.RunnerAdviser" name="runScenario" time="0.040"/>
  <system-out/>
  <testcase classname="testRunner.RunnerAdviser" name="runScenario" time="0.026"/>
  <system-out/>
  <testcase classname="testRunner.RunnerAdviser" name="runScenario" time="0.024"/>
  <system-out/>
  <testcase classname="testRunner.RunnerAdviser" name="runScenario" time="0.030"/>
  <system-out/>
  <testcase classname="testRunner.RunnerAdviser" name="runScenario" time="0.114"/>
  <system-out/>
  <testcase classname="testRunner.RunnerAdviser" name="runScenario" time="0.024"/>
  <system-out/>
  <testcase classname="testRunner.RunnerAdviser" name="runScenario" time="0.019"/>
  <system-out/>
  <testcase classname="testRunner.RunnerAdviser" name="runScenario" time="0.050"/>
  <system-out/>
  <testcase classname="testRunner.RunnerAdviser" name="runScenario" time="0.023"/>
  <system-out/>
  <testcase classname="testRunner.RunnerAdviser" name="runScenario" time="0.032"/>
  <system-out/>
  <testcase classname="testRunner.RunnerAdviser" name="runScenario" time="0.028"/>
  <system-out/>
  <testcase classname="testRunner.RunnerAdviser" name="runScenario" time="0.050"/>
  <system-out/>
  <testcase classname="testRunner.RunnerAdviser" name="runScenario" time="0.030"/>
  <system-out/>
  <testcase classname="testRunner.RunnerAdviser" name="runScenario" time="0.016"/>
  <system-out/>
  <testcase classname="testRunner.RunnerAdviser" name="runScenario" time="0.026"/>
  <system-out/>
  <testcase classname="testRunner.RunnerAdviser" name="runScenario" time="0.023"/>
  <system-out/>
  <testcase classname="testRunner.RunnerAdviser" name="runScenario" time="0.024"/>
  <system-out/>
  <testcase classname="testRunner.RunnerAdviser" name="runScenario" time="0.074"/>
  <system-out/>
  <testcase classname="testRunner.RunnerAdviser" name="runScenario" time="0.047"/>
  <system-out/>
  <testcase classname="testRunner.RunnerAdviser" name="runScenario" time="0.028"/>
  <system-out/>
  <testcase classname="testRunner.RunnerAdviser" name="runScenario" time="0.019"/>
  <system-out/>
  <testcase classname="testRunner.RunnerAdviser" name="runScenario" time="0.020"/>
  <system-out/>
  <testcase classname="testRunner.RunnerAdviser" name="runScenario" time="0.049"/>
  <system-out/>
  <testcase classname="testRunner.RunnerAdviser" name="runScenario" time="0.021"/>
  <system-out/>
  <testcase classname="testRunner.RunnerAdviser" name="runScenario" time="0.022"/>
  <system-out/>
  <testcase classname="testRunner.RunnerAdviser" name="runScenario" time="0.021"/>
  <system-out/>
  <testcase classname="testRunner.RunnerAdviser" name="runScenario" time="0.022"/>
  <system-out/>
  <testcase classname="testRunner.RunnerAdviser" name="runScenario" time="0.028"/>
  <system-out/>
  <testcase classname="testRunner.RunnerAdviser" name="runScenario" time="0.094"/>
  <system-out/>
  <testcase classname="testRunner.RunnerAdviser" name="runScenario" time="0.039"/>
  <system-out/>
  <testcase classname="testRunner.RunnerAdviser" name="runScenario" time="0.020"/>
  <system-out/>
  <testcase classname="testRunner.RunnerAdviser" name="runScenario" time="0.023"/>
  <system-out/>
  <testcase classname="testRunner.RunnerAdviser" name="runScenario" time="0.023"/>
  <system-out/>
</testsuite> <!-- testRunner.RunnerAdviser -->
